<?xml version="1.0" encoding="UTF-8"?>
<!-- Generated by org.testng.reporters.JUnitReportReporter -->
<testsuite hostname="DESKTOP-GRP0R8U" failures="0" tests="4" name="com.TestCases.ACME_BankTest" time="77.241" errors="0" timestamp="10 Nov 2024 05:58:46 GMT" skipped="0">
  <testcase classname="com.TestCases.ACME_BankTest" name="ACME_LoginTest" time="16.797"/>
  <testcase classname="com.TestCases.ACME_BankTest" name="ACME_LoginTest" time="23.023"/>
  <testcase classname="com.TestCases.ACME_BankTest" name="ACME_LoginTest" time="19.014"/>
  <testcase classname="com.TestCases.ACME_BankTest" name="ACME_LoginTest" time="18.407"/>
</testsuite> <!-- com.TestCases.ACME_BankTest -->
