<?xml version="1.0" encoding="UTF-8"?>
<!-- Generated by org.testng.reporters.JUnitReportReporter -->
<testsuite hostname="DESKTOP-GRP0R8U" failures="0" tests="2" name="com.TestCases.ACMELogin" time="10.967" errors="0" timestamp="10 Nov 2024 05:58:46 GMT" skipped="0">
  <testcase classname="com.TestCases.ACMELogin" name="ACME_LoginTest" time="7.334"/>
  <testcase classname="com.TestCases.ACMELogin" name="testinputs" time="3.633"/>
</testsuite> <!-- com.TestCases.ACMELogin -->
