<?xml version="1.0" encoding="UTF-8"?>
<!-- Generated by org.testng.reporters.JUnitReportReporter -->
<testsuite hostname="DESKTOP-GRP0R8U" failures="0" tests="25" name="com.TestCases.ACME_SearchVendorTest" time="603.160" errors="0" timestamp="10 Nov 2024 05:58:46 GMT" skipped="0">
  <testcase classname="com.TestCases.ACME_SearchVendorTest" name="ACME_LoginTest" time="22.444"/>
  <testcase classname="com.TestCases.ACME_SearchVendorTest" name="ACME_LoginTest" time="26.207"/>
  <testcase classname="com.TestCases.ACME_SearchVendorTest" name="ACME_LoginTest" time="19.845"/>
  <testcase classname="com.TestCases.ACME_SearchVendorTest" name="ACME_LoginTest" time="27.863"/>
  <testcase classname="com.TestCases.ACME_SearchVendorTest" name="ACME_LoginTest" time="20.453"/>
  <testcase classname="com.TestCases.ACME_SearchVendorTest" name="ACME_LoginTest" time="24.597"/>
  <testcase classname="com.TestCases.ACME_SearchVendorTest" name="ACME_LoginTest" time="21.534"/>
  <testcase classname="com.TestCases.ACME_SearchVendorTest" name="ACME_LoginTest" time="19.127"/>
  <testcase classname="com.TestCases.ACME_SearchVendorTest" name="ACME_LoginTest" time="29.447"/>
  <testcase classname="com.TestCases.ACME_SearchVendorTest" name="ACME_LoginTest" time="23.267"/>
  <testcase classname="com.TestCases.ACME_SearchVendorTest" name="ACME_LoginTest" time="26.601"/>
  <testcase classname="com.TestCases.ACME_SearchVendorTest" name="ACME_LoginTest" time="33.231"/>
  <testcase classname="com.TestCases.ACME_SearchVendorTest" name="ACME_LoginTest" time="20.104"/>
  <testcase classname="com.TestCases.ACME_SearchVendorTest" name="ACME_LoginTest" time="20.006"/>
  <testcase classname="com.TestCases.ACME_SearchVendorTest" name="ACME_LoginTest" time="18.737"/>
  <testcase classname="com.TestCases.ACME_SearchVendorTest" name="ACME_LoginTest" time="20.734"/>
  <testcase classname="com.TestCases.ACME_SearchVendorTest" name="ACME_LoginTest" time="24.890"/>
  <testcase classname="com.TestCases.ACME_SearchVendorTest" name="ACME_LoginTest" time="21.550"/>
  <testcase classname="com.TestCases.ACME_SearchVendorTest" name="ACME_LoginTest" time="30.575"/>
  <testcase classname="com.TestCases.ACME_SearchVendorTest" name="ACME_LoginTest" time="28.920"/>
  <testcase classname="com.TestCases.ACME_SearchVendorTest" name="ACME_LoginTest" time="20.199"/>
  <testcase classname="com.TestCases.ACME_SearchVendorTest" name="ACME_LoginTest" time="30.969"/>
  <testcase classname="com.TestCases.ACME_SearchVendorTest" name="ACME_LoginTest" time="19.608"/>
  <testcase classname="com.TestCases.ACME_SearchVendorTest" name="ACME_LoginTest" time="25.850"/>
  <testcase classname="com.TestCases.ACME_SearchVendorTest" name="ACME_LoginTest" time="26.402"/>
</testsuite> <!-- com.TestCases.ACME_SearchVendorTest -->
